<?xml version="1.0" encoding="UTF-8"?>
<testng-results skipped="0" failed="2" ignored="0" total="8" passed="6">
  <reporter-output>
  </reporter-output>
  <suite name="Suite" duration-ms="33307" started-at="2020-09-10T20:11:34Z" finished-at="2020-09-10T20:12:07Z">
    <groups>
    </groups>
    <test name="WebApplicationTest" duration-ms="29213" started-at="2020-09-10T20:11:34Z" finished-at="2020-09-10T20:12:03Z">
      <class name="com.ndtv.testcases.WebApplicationTestCases">
        <test-method status="PASS" signature="initializeBrowserDriver()[pri:0, instance:com.ndtv.testcases.WebApplicationTestCases@1f554b06]" name="initializeBrowserDriver" is-config="true" duration-ms="7857" started-at="2020-09-10T20:11:34Z" finished-at="2020-09-10T20:11:42Z">
          <reporter-output>
          </reporter-output>
        </test-method> <!-- initializeBrowserDriver -->
        <test-method status="PASS" signature="launchNDTV()[pri:0, instance:com.ndtv.testcases.WebApplicationTestCases@1f554b06]" name="launchNDTV" duration-ms="11355" started-at="2020-09-10T20:11:42Z" finished-at="2020-09-10T20:11:53Z">
          <reporter-output>
          </reporter-output>
        </test-method> <!-- launchNDTV -->
        <test-method status="PASS" signature="navigateToWeather()[pri:0, instance:com.ndtv.testcases.WebApplicationTestCases@1f554b06]" name="navigateToWeather" duration-ms="8279" started-at="2020-09-10T20:11:53Z" depends-on-methods="com.ndtv.testcases.WebApplicationTestCases.launchNDTV" finished-at="2020-09-10T20:12:01Z">
          <reporter-output>
          </reporter-output>
        </test-method> <!-- navigateToWeather -->
        <test-method status="PASS" signature="validateCityOnMap()[pri:0, instance:com.ndtv.testcases.WebApplicationTestCases@1f554b06]" name="validateCityOnMap" duration-ms="514" started-at="2020-09-10T20:12:01Z" depends-on-methods="com.ndtv.testcases.WebApplicationTestCases.navigateToWeather" finished-at="2020-09-10T20:12:02Z">
          <reporter-output>
          </reporter-output>
        </test-method> <!-- validateCityOnMap -->
        <test-method status="PASS" signature="captureTemp()[pri:0, instance:com.ndtv.testcases.WebApplicationTestCases@1f554b06]" name="captureTemp" duration-ms="356" started-at="2020-09-10T20:12:02Z" depends-on-methods="com.ndtv.testcases.WebApplicationTestCases.validateCityOnMap" finished-at="2020-09-10T20:12:02Z">
          <reporter-output>
          </reporter-output>
        </test-method> <!-- captureTemp -->
        <test-method status="PASS" signature="shutBrowser()[pri:0, instance:com.ndtv.testcases.WebApplicationTestCases@1f554b06]" name="shutBrowser" is-config="true" duration-ms="787" started-at="2020-09-10T20:12:02Z" finished-at="2020-09-10T20:12:03Z">
          <reporter-output>
          </reporter-output>
        </test-method> <!-- shutBrowser -->
      </class> <!-- com.ndtv.testcases.WebApplicationTestCases -->
    </test> <!-- WebApplicationTest -->
    <test name="APITest" duration-ms="2365" started-at="2020-09-10T20:12:03Z" finished-at="2020-09-10T20:12:06Z">
      <class name="com.ndtv.testcases.APITestCases">
        <test-method status="PASS" signature="weatherJsonResponse()[pri:0, instance:com.ndtv.testcases.APITestCases@2d8f65a4]" name="weatherJsonResponse" duration-ms="2359" started-at="2020-09-10T20:12:03Z" finished-at="2020-09-10T20:12:06Z">
          <reporter-output>
          </reporter-output>
        </test-method> <!-- weatherJsonResponse -->
        <test-method status="PASS" signature="extractResponseBody()[pri:0, instance:com.ndtv.testcases.APITestCases@2d8f65a4]" name="extractResponseBody" duration-ms="1" started-at="2020-09-10T20:12:06Z" depends-on-methods="com.ndtv.testcases.APITestCases.weatherJsonResponse" finished-at="2020-09-10T20:12:06Z">
          <reporter-output>
          </reporter-output>
        </test-method> <!-- extractResponseBody -->
      </class> <!-- com.ndtv.testcases.APITestCases -->
    </test> <!-- APITest -->
    <test name="ComparatorAndVariance" duration-ms="1231" started-at="2020-09-10T20:12:06Z" finished-at="2020-09-10T20:12:07Z">
      <class name="com.ndtv.testcases.ComparatorTestCase">
        <test-method status="FAIL" signature="tempComparatorOfWebUIandAPI()[pri:1, instance:com.ndtv.testcases.ComparatorTestCase@7a1ebcd8]" name="tempComparatorOfWebUIandAPI" duration-ms="5" started-at="2020-09-10T20:12:06Z" finished-at="2020-09-10T20:12:06Z">
          <exception class="java.lang.AssertionError">
            <message>
              <![CDATA[The following asserts failed:
Temperature in Kelvin from API response : 302.06 and Temperature in Kelvin from WebUI is 308.15,
Humidity from API response : 54.0 and humidity from WebUI is 55.0]]>
            </message>
            <full-stacktrace>
              <![CDATA[java.lang.AssertionError: The following asserts failed:
Temperature in Kelvin from API response : 302.06 and Temperature in Kelvin from WebUI is 308.15,
Humidity from API response : 54.0 and humidity from WebUI is 55.0
at org.testng.asserts.SoftAssert.assertAll(SoftAssert.java:43)
at com.ndtv.util.TemperatureUtility.compareTemperature(TemperatureUtility.java:80)
at com.ndtv.testcases.ComparatorTestCase.tempComparatorOfWebUIandAPI(ComparatorTestCase.java:20)
at sun.reflect.NativeMethodAccessorImpl.invoke0(Native Method)
at sun.reflect.NativeMethodAccessorImpl.invoke(NativeMethodAccessorImpl.java:62)
at sun.reflect.DelegatingMethodAccessorImpl.invoke(DelegatingMethodAccessorImpl.java:43)
at java.lang.reflect.Method.invoke(Method.java:498)
at org.testng.internal.MethodInvocationHelper.invokeMethod(MethodInvocationHelper.java:124)
at org.testng.internal.Invoker.invokeMethod(Invoker.java:583)
at org.testng.internal.Invoker.invokeTestMethod(Invoker.java:719)
at org.testng.internal.Invoker.invokeTestMethods(Invoker.java:989)
at org.testng.internal.TestMethodWorker.invokeTestMethods(TestMethodWorker.java:125)
at org.testng.internal.TestMethodWorker.run(TestMethodWorker.java:109)
at org.testng.TestRunner.privateRun(TestRunner.java:648)
at org.testng.TestRunner.run(TestRunner.java:505)
at org.testng.SuiteRunner.runTest(SuiteRunner.java:455)
at org.testng.SuiteRunner.runSequentially(SuiteRunner.java:450)
at org.testng.SuiteRunner.privateRun(SuiteRunner.java:415)
at org.testng.SuiteRunner.run(SuiteRunner.java:364)
at org.testng.SuiteRunnerWorker.runSuite(SuiteRunnerWorker.java:52)
at org.testng.SuiteRunnerWorker.run(SuiteRunnerWorker.java:84)
at org.testng.TestNG.runSuitesSequentially(TestNG.java:1208)
at org.testng.TestNG.runSuitesLocally(TestNG.java:1137)
at org.testng.TestNG.runSuites(TestNG.java:1049)
at org.testng.TestNG.run(TestNG.java:1017)
at org.apache.maven.surefire.testng.TestNGExecutor.run(TestNGExecutor.java:295)
at org.apache.maven.surefire.testng.TestNGXmlTestSuite.execute(TestNGXmlTestSuite.java:84)
at org.apache.maven.surefire.testng.TestNGProvider.invoke(TestNGProvider.java:90)
at org.apache.maven.surefire.booter.ForkedBooter.invokeProviderInSameClassLoader(ForkedBooter.java:203)
at org.apache.maven.surefire.booter.ForkedBooter.runSuitesInProcess(ForkedBooter.java:155)
at org.apache.maven.surefire.booter.ForkedBooter.main(ForkedBooter.java:103)
]]>
            </full-stacktrace>
          </exception> <!-- java.lang.AssertionError -->
          <reporter-output>
          </reporter-output>
        </test-method> <!-- tempComparatorOfWebUIandAPI -->
        <test-method status="FAIL" signature="varianceCheck()[pri:2, instance:com.ndtv.testcases.ComparatorTestCase@7a1ebcd8]" name="varianceCheck" duration-ms="1216" started-at="2020-09-10T20:12:06Z" finished-at="2020-09-10T20:12:07Z">
          <exception class="java.lang.AssertionError">
            <message>
              <![CDATA[The following asserts failed:
Provided temperature 302.41 not mat the condition, Should be between minimum temp 302.06 and maximum temp 302.06]]>
            </message>
            <full-stacktrace>
              <![CDATA[java.lang.AssertionError: The following asserts failed:
Provided temperature 302.41 not mat the condition, Should be between minimum temp 302.06 and maximum temp 302.06
at org.testng.asserts.SoftAssert.assertAll(SoftAssert.java:43)
at com.ndtv.testcases.ComparatorTestCase.varianceCheck(ComparatorTestCase.java:43)
at sun.reflect.NativeMethodAccessorImpl.invoke0(Native Method)
at sun.reflect.NativeMethodAccessorImpl.invoke(NativeMethodAccessorImpl.java:62)
at sun.reflect.DelegatingMethodAccessorImpl.invoke(DelegatingMethodAccessorImpl.java:43)
at java.lang.reflect.Method.invoke(Method.java:498)
at org.testng.internal.MethodInvocationHelper.invokeMethod(MethodInvocationHelper.java:124)
at org.testng.internal.Invoker.invokeMethod(Invoker.java:583)
at org.testng.internal.Invoker.invokeTestMethod(Invoker.java:719)
at org.testng.internal.Invoker.invokeTestMethods(Invoker.java:989)
at org.testng.internal.TestMethodWorker.invokeTestMethods(TestMethodWorker.java:125)
at org.testng.internal.TestMethodWorker.run(TestMethodWorker.java:109)
at org.testng.TestRunner.privateRun(TestRunner.java:648)
at org.testng.TestRunner.run(TestRunner.java:505)
at org.testng.SuiteRunner.runTest(SuiteRunner.java:455)
at org.testng.SuiteRunner.runSequentially(SuiteRunner.java:450)
at org.testng.SuiteRunner.privateRun(SuiteRunner.java:415)
at org.testng.SuiteRunner.run(SuiteRunner.java:364)
at org.testng.SuiteRunnerWorker.runSuite(SuiteRunnerWorker.java:52)
at org.testng.SuiteRunnerWorker.run(SuiteRunnerWorker.java:84)
at org.testng.TestNG.runSuitesSequentially(TestNG.java:1208)
at org.testng.TestNG.runSuitesLocally(TestNG.java:1137)
at org.testng.TestNG.runSuites(TestNG.java:1049)
at org.testng.TestNG.run(TestNG.java:1017)
at org.apache.maven.surefire.testng.TestNGExecutor.run(TestNGExecutor.java:295)
at org.apache.maven.surefire.testng.TestNGXmlTestSuite.execute(TestNGXmlTestSuite.java:84)
at org.apache.maven.surefire.testng.TestNGProvider.invoke(TestNGProvider.java:90)
at org.apache.maven.surefire.booter.ForkedBooter.invokeProviderInSameClassLoader(ForkedBooter.java:203)
at org.apache.maven.surefire.booter.ForkedBooter.runSuitesInProcess(ForkedBooter.java:155)
at org.apache.maven.surefire.booter.ForkedBooter.main(ForkedBooter.java:103)
]]>
            </full-stacktrace>
          </exception> <!-- java.lang.AssertionError -->
          <reporter-output>
          </reporter-output>
        </test-method> <!-- varianceCheck -->
        <test-method status="PASS" signature="shutBrowser()[pri:0, instance:com.ndtv.testcases.ComparatorTestCase@7a1ebcd8]" name="shutBrowser" is-config="true" duration-ms="0" started-at="2020-09-10T20:12:07Z" finished-at="2020-09-10T20:12:07Z">
          <reporter-output>
          </reporter-output>
        </test-method> <!-- shutBrowser -->
      </class> <!-- com.ndtv.testcases.ComparatorTestCase -->
    </test> <!-- ComparatorAndVariance -->
  </suite> <!-- Suite -->
</testng-results>
